<?xml version="1.0" encoding="UTF-8"?>
<!-- Generated by org.testng.reporters.JUnitReportReporter -->
<testsuite hostname="DESKTOP-1TI28D7" failures="0" tests="1" name="testBase.TC_01_register" time="9.601" errors="0" timestamp="2024-03-04T20:51:47 IST" skipped="0">
  <testcase classname="testBase.TC_01_register" name="register" time="9.601"/>
</testsuite> <!-- testBase.TC_01_register -->
