<?xml version="1.0" encoding="UTF-8"?>
<!-- Generated by org.testng.reporters.JUnitReportReporter -->
<testsuite hostname="DESKTOP-1TI28D7" failures="0" tests="1" name="testBase.TC_02_login" time="3.413" errors="0" timestamp="2024-03-08T09:45:43 IST" skipped="0">
  <testcase classname="testBase.TC_02_login" name="LoginAccount" time="3.413"/>
</testsuite> <!-- testBase.TC_02_login -->
